INFO ESPHome 2025.5.0-dev
INFO Reading configuration config/as734x.yaml...
INFO Generating C++ source...
DEBUG Running to_code in esphome.components.async_tcp (num 23)
DEBUG Adding: // async_tcp:
DEBUG Adding: //   {}
DEBUG Adding library: esphome/AsyncTCP-esphome@2.1.4
DEBUG  -> finished
DEBUG Running to_code in esphome.core.config (num 1)
DEBUG Adding: // esphome:
DEBUG Adding: //   name: as734x
//   min_version: 2025.5.0
//   build_path: build/as734x
//   friendly_name: ''
//   area: ''
//   platformio_options: {}
//   includes: []
//   libraries: []
//   name_add_mac_suffix: false
//   debug_scheduler: false
DEBUG Adding global: using namespace esphome;
DEBUG Adding global: using std::isnan;
DEBUG Adding global: using std::min;
DEBUG Adding global: using std::max;
DEBUG Adding: App.pre_setup("as734x", "", "", "", __DATE__ ", " __TIME__, false);
DEBUG Adding build flag: -fno-exceptions
DEBUG Adding build flag: -Wno-unused-variable
DEBUG Adding build flag: -Wno-unused-but-set-variable
DEBUG Adding build flag: -Wno-sign-compare
DEBUG  -> finished
DEBUG Running to_code in esphome.components.sensor (num 8)
DEBUG Adding: // sensor:
DEBUG Adding define: USE_SENSOR=None
DEBUG Adding global: using namespace sensor;
DEBUG  -> finished
DEBUG Running to_code in esphome.components.text_sensor (num 15)
DEBUG Adding: // text_sensor:
DEBUG Adding define: USE_TEXT_SENSOR=None
DEBUG Adding global: using namespace text_sensor;
DEBUG  -> finished
DEBUG Running to_code in esphome.components.logger (num 5)
DEBUG Adding: // logger:
DEBUG Adding: //   level: DEBUG
//   logs:
//     sensor: INFO
//     wifi: INFO
//   id: logger_logger_id
//   baud_rate: 115200
//   tx_buffer_size: 512
//   deassert_rts_dtr: false
//   hardware_uart: UART0
DEBUG Adding global: logger::Logger *logger_logger_id;
DEBUG Adding: logger_logger_id = new logger::Logger(115200, 512);
DEBUG Registered variable logger_logger_id of type logger::Logger
DEBUG Adding: logger_logger_id->set_log_level(ESPHOME_LOG_LEVEL_DEBUG);
DEBUG Adding: logger_logger_id->set_uart_selection(logger::UART_SELECTION_UART0);
DEBUG Adding: logger_logger_id->pre_setup();
DEBUG Adding: logger_logger_id->set_log_level("sensor", ESPHOME_LOG_LEVEL_INFO);
DEBUG Adding: logger_logger_id->set_log_level("wifi", ESPHOME_LOG_LEVEL_INFO);
DEBUG Adding define: USE_LOGGER=None
DEBUG Adding build flag: -DESPHOME_LOG_LEVEL=ESPHOME_LOG_LEVEL_DEBUG
DEBUG Adding: logger_logger_id->set_component_source("logger");
DEBUG Adding: App.register_component(logger_logger_id);
DEBUG  -> finished
DEBUG Running to_code in esphome.components.web_server_base (num 21)
DEBUG Adding: // web_server_base:
DEBUG Adding: //   id: web_server_base_webserverbase_id
DEBUG Adding global: web_server_base::WebServerBase *web_server_base_webserverbase_id;
DEBUG Adding: web_server_base_webserverbase_id = new web_server_base::WebServerBase();
DEBUG Registered variable web_server_base_webserverbase_id of type web_server_base::WebServerBase
DEBUG Adding: web_server_base_webserverbase_id->set_component_source("web_server_base");
DEBUG Adding: App.register_component(web_server_base_webserverbase_id);
DEBUG Adding library: WiFi
DEBUG Adding library: FS
DEBUG Adding library: Update
DEBUG Adding library: esphome/ESPAsyncWebServer-esphome@3.3.0
DEBUG  -> finished
DEBUG Running to_code in esphome.components.wifi (num 10)
DEBUG Adding: // wifi:
DEBUG Adding: //   reboot_timeout: 5min
//   power_save_mode: NONE
//   fast_connect: true
//   id: wifi_wificomponent_id
//   domain: .local
//   passive_scan: false
//   enable_on_boot: true
//   networks:
//   - ssid: !secret 'wifi_ssid'
//     password: !secret 'wifi_password'
//     id: wifi_wifiap_id
//     priority: 0.0
//   use_address: as734x.local
DEBUG Adding global: wifi::WiFiComponent *wifi_wificomponent_id;
DEBUG Adding: wifi_wificomponent_id = new wifi::WiFiComponent();
DEBUG Registered variable wifi_wificomponent_id of type wifi::WiFiComponent
DEBUG Adding: wifi_wificomponent_id->set_use_address("as734x.local");
DEBUG Adding: {
DEBUG Adding: wifi::WiFiAP wifi_wifiap_id = wifi::WiFiAP();
DEBUG Registered variable wifi_wifiap_id of type wifi::WiFiAP
DEBUG Adding: wifi_wifiap_id.set_ssid("LAWIRELESS");
DEBUG Adding: wifi_wifiap_id.set_password("MegaPass!");
DEBUG Adding: wifi_wifiap_id.set_priority(0.0f);
DEBUG Adding: wifi_wificomponent_id->add_sta(wifi_wifiap_id);
DEBUG Adding: }
DEBUG Adding: wifi_wificomponent_id->set_reboot_timeout(300000);
DEBUG Adding: wifi_wificomponent_id->set_power_save_mode(wifi::WIFI_POWER_SAVE_NONE);
DEBUG Adding: wifi_wificomponent_id->set_fast_connect(true);
DEBUG Adding: wifi_wificomponent_id->set_passive_scan(false);
DEBUG Adding: wifi_wificomponent_id->set_enable_on_boot(true);
DEBUG Adding define: USE_WIFI=None
DEBUG Adding: wifi_wificomponent_id->set_component_source("wifi");
DEBUG Adding: App.register_component(wifi_wificomponent_id);
DEBUG Running to_code in esphome.components.wifi (num 10)
DEBUG Running to_code in esphome.components.wifi (num 10)
DEBUG Running to_code in esphome.components.wifi (num 10)
DEBUG Running to_code in esphome.components.wifi (num 10)
DEBUG Running to_code in esphome.components.wifi (num 10)
DEBUG Running to_code in esphome.components.mdns (num 22)
DEBUG Adding: // mdns:
DEBUG Adding: //   id: mdns_mdnscomponent_id
//   disabled: false
//   services: []
DEBUG Adding library: ESPmDNS
DEBUG Adding define: USE_MDNS=None
DEBUG Adding global: mdns::MDNSComponent *mdns_mdnscomponent_id;
DEBUG Adding: mdns_mdnscomponent_id = new mdns::MDNSComponent();
DEBUG Registered variable mdns_mdnscomponent_id of type mdns::MDNSComponent
DEBUG Adding: mdns_mdnscomponent_id->set_component_source("mdns");
DEBUG Adding: App.register_component(mdns_mdnscomponent_id);
DEBUG  -> finished
DEBUG Running to_code in esphome.components.wifi (num 10)
DEBUG Running to_code in esphome.components.ota (num 12)
DEBUG Adding: // ota:
DEBUG Adding define: USE_OTA=None
DEBUG  -> finished
DEBUG Running to_code in esphome.components.wifi (num 10)
DEBUG Running to_code in esphome.components.wifi (num 10)
DEBUG Running to_code in esphome.components.esphome.ota (num 13)
DEBUG Adding: // ota.esphome:
DEBUG Adding: //   platform: esphome
//   password: !secret 'web_password'
//   id: esphome_esphomeotacomponent_id
//   version: 2
//   port: 3232
DEBUG Adding global: esphome::ESPHomeOTAComponent *esphome_esphomeotacomponent_id;
DEBUG Adding: esphome_esphomeotacomponent_id = new esphome::ESPHomeOTAComponent();
DEBUG Registered variable esphome_esphomeotacomponent_id of type esphome::ESPHomeOTAComponent
DEBUG Adding: esphome_esphomeotacomponent_id->set_port(3232);
DEBUG Adding: esphome_esphomeotacomponent_id->set_auth_password("NoOTA");
DEBUG Adding define: USE_OTA_PASSWORD=None
DEBUG Adding define: USE_OTA_VERSION=2
DEBUG Adding: esphome_esphomeotacomponent_id->set_component_source("esphome.ota");
DEBUG Adding: App.register_component(esphome_esphomeotacomponent_id);
DEBUG Running to_code in esphome.components.wifi (num 10)
DEBUG Running to_code in esphome.components.esphome.ota (num 13)
DEBUG Running to_code in esphome.components.wifi (num 10)
DEBUG Running to_code in esphome.components.esphome.ota (num 13)
DEBUG Running to_code in esphome.components.safe_mode (num 19)
DEBUG Adding: // safe_mode:
DEBUG Adding: //   id: safe_mode_safemodecomponent_id
//   boot_is_good_after: 1min
//   disabled: false
//   num_attempts: 10
//   reboot_timeout: 5min
DEBUG Adding global: safe_mode::SafeModeComponent *safe_mode_safemodecomponent_id;
DEBUG Adding: safe_mode_safemodecomponent_id = new safe_mode::SafeModeComponent();
DEBUG Registered variable safe_mode_safemodecomponent_id of type safe_mode::SafeModeComponent
DEBUG Adding: safe_mode_safemodecomponent_id->set_component_source("safe_mode");
DEBUG Adding: App.register_component(safe_mode_safemodecomponent_id);
DEBUG Adding: if (safe_mode_safemodecomponent_id->should_enter_safe_mode(10, 300000, 60000)) return;
DEBUG  -> finished
DEBUG Running to_code in esphome.components.wifi (num 10)
DEBUG  -> finished
DEBUG Running to_code in esphome.components.esphome.ota (num 13)
DEBUG  -> finished
DEBUG Running to_code in esphome.components.api (num 11)
DEBUG Adding: // api:
DEBUG Adding: //   password: !secret 'web_password'
//   id: api_apiserver_id
//   port: 6053
//   reboot_timeout: 15min
DEBUG Adding global: api::APIServer *api_apiserver_id;
DEBUG Adding: api_apiserver_id = new api::APIServer();
DEBUG Registered variable api_apiserver_id of type api::APIServer
DEBUG Adding: api_apiserver_id->set_component_source("api");
DEBUG Adding: App.register_component(api_apiserver_id);
DEBUG Adding: api_apiserver_id->set_port(6053);
DEBUG Adding: api_apiserver_id->set_password("NoOTA");
DEBUG Adding: api_apiserver_id->set_reboot_timeout(900000);
DEBUG Adding define: USE_API_PLAINTEXT=None
DEBUG Adding define: USE_API=None
DEBUG Adding global: using namespace api;
DEBUG  -> finished
DEBUG Running to_code in esphome.components.web_server (num 14)
DEBUG Adding: // web_server:
DEBUG Adding: //   port: 80
//   auth:
//     username: !secret 'web_user'
//     password: !secret 'web_password'
//   id: web_server_webserver_id
//   version: 2
//   enable_private_network_access: true
//   web_server_base_id: web_server_base_webserverbase_id
//   include_internal: false
//   ota: true
//   log: true
//   css_url: ''
//   js_url: https:oi.esphome.io/v2/www.js
DEBUG Adding global: web_server::WebServer *web_server_webserver_id;
DEBUG Adding: web_server_webserver_id = new web_server::WebServer(web_server_base_webserverbase_id);
DEBUG Registered variable web_server_webserver_id of type web_server::WebServer
DEBUG Adding: web_server_webserver_id->set_component_source("web_server");
DEBUG Adding: App.register_component(web_server_webserver_id);
DEBUG Adding: web_server_base_webserverbase_id->set_port(80);
DEBUG Adding define: USE_WEBSERVER=None
DEBUG Adding define: USE_WEBSERVER_PORT=80
DEBUG Adding define: USE_WEBSERVER_VERSION=2
DEBUG Adding global: const uint8_t ESPHOME_WEBSERVER_INDEX_HTML[174] PROGMEM = {60, 33, 68, 79, 67, 84, 89, 80, 69, 32, 104, 116, 109, 108, 62, 60, 104, 116, 109, 108, 62, 60, 104, 101, 97, 100, 62, 60, 109, 101, 116, 97, 32, 99, 104, 97, 114, 115, 101, 116, 61, 85, 84, 70, 45, 56, 62, 60, 108, 105, 110, 107, 32, 114, 101, 108, 61, 105, 99, 111, 110, 32, 104, 114, 101, 102, 61, 100, 97, 116, 97, 58, 62, 60, 47, 104, 101, 97, 100, 62, 60, 98, 111, 100, 121, 62, 60, 101, 115, 112, 45, 97, 112, 112, 62, 60, 47, 101, 115, 112, 45, 97, 112, 112, 62, 60, 115, 99, 114, 105, 112, 116, 32, 115, 114, 99, 61, 34, 104, 116, 116, 112, 115, 58, 47, 47, 111, 105, 46, 101, 115, 112, 104, 111, 109, 101, 46, 105, 111, 47, 118, 50, 47, 119, 119, 119, 46, 106, 115, 34, 62, 60, 47, 115, 99, 114, 105, 112, 116, 62, 60, 47, 98, 111, 100, 121, 62, 60, 47, 104, 116, 109, 108, 62};
DEBUG Adding global: const size_t ESPHOME_WEBSERVER_INDEX_HTML_SIZE = 174;
DEBUG Adding: web_server_webserver_id->set_allow_ota(true);
DEBUG Adding: web_server_webserver_id->set_expose_log(true);
DEBUG Adding define: USE_WEBSERVER_PRIVATE_NETWORK_ACCESS=None
DEBUG Adding: web_server_base_webserverbase_id->set_auth_username("user");
DEBUG Adding: web_server_base_webserverbase_id->set_auth_password("NoOTA");
DEBUG Adding: web_server_webserver_id->set_include_internal(false);
DEBUG  -> finished
DEBUG Running _add_automations in esphome.core.config (num 24)
DEBUG  -> finished
DEBUG Running to_code in esphome.components.i2c (num 6)
DEBUG Adding: // i2c:
DEBUG Adding: //   id: i2c_41
//   sda: 18
//   scl: 17
//   frequency: 50000.0
//   scan: true
DEBUG Adding global: using namespace i2c;
DEBUG Adding global: i2c::ArduinoI2CBus *i2c_41;
DEBUG Adding: i2c_41 = new i2c::ArduinoI2CBus();
DEBUG Registered variable i2c_41 of type i2c::ArduinoI2CBus
DEBUG Adding: i2c_41->set_component_source("i2c");
DEBUG Adding: App.register_component(i2c_41);
DEBUG Adding: i2c_41->set_sda_pin(18);
DEBUG Adding: i2c_41->set_scl_pin(17);
DEBUG Adding: i2c_41->set_frequency(50000);
DEBUG Adding: i2c_41->set_scan(true);
DEBUG Adding library: Wire
DEBUG  -> finished
DEBUG Running to_code in esphome.components.i2c (num 7)
DEBUG Adding: // i2c:
DEBUG Adding: //   id: i2c_43
//   sda: 26
//   scl: 14
//   frequency: 50000.0
//   scan: true
DEBUG Adding global: using namespace i2c;
DEBUG Adding global: i2c::ArduinoI2CBus *i2c_43;
DEBUG Adding: i2c_43 = new i2c::ArduinoI2CBus();
DEBUG Registered variable i2c_43 of type i2c::ArduinoI2CBus
DEBUG Adding: i2c_43->set_component_source("i2c");
DEBUG Adding: App.register_component(i2c_43);
DEBUG Adding: i2c_43->set_sda_pin(26);
DEBUG Adding: i2c_43->set_scl_pin(14);
DEBUG Adding: i2c_43->set_frequency(50000);
DEBUG Adding: i2c_43->set_scan(true);
DEBUG  -> finished
DEBUG Running to_code in esphome.components.json (num 20)
DEBUG Adding: // json:
DEBUG Adding: //   {}
DEBUG Adding library: bblanchon/ArduinoJson@6.18.5
DEBUG Adding define: USE_JSON=None
DEBUG Adding global: using namespace json;
DEBUG  -> finished
DEBUG Running to_code in esphome.components.substitutions (num 0)
DEBUG Adding: // substitutions:
DEBUG Adding: //   astep: '599'
//   atime: '29'
//   gain_41: X4
//   gain_43: X4
DEBUG  -> finished
DEBUG Running to_code in esphome.components.esp32 (num 2)
DEBUG Adding: // esp32:
DEBUG Adding: //   board: esp32dev
//   flash_size: 4MB
//   framework:
//     version: 2.0.5
//     advanced:
//       ignore_efuse_custom_mac: false
//     source: ~3.20005.0
//     platform_version: platformio/espressif32@5.4.0
//     type: arduino
//   variant: ESP32
DEBUG Adding build flag: -DUSE_ESP32
DEBUG Adding define: ESPHOME_BOARD="esp32dev"
DEBUG Adding build flag: -DUSE_ESP32_VARIANT_ESP32
DEBUG Adding define: ESPHOME_VARIANT="ESP32"
DEBUG Adding build flag: -DUSE_ARDUINO
DEBUG Adding build flag: -DUSE_ESP32_FRAMEWORK_ARDUINO
DEBUG Adding define: USE_ARDUINO_VERSION_CODE=VERSION_CODE(2, 0, 5)
DEBUG  -> finished
DEBUG Running to_code in esphome.components.preferences (num 3)
DEBUG Adding: // preferences:
DEBUG Adding: //   id: preferences_intervalsyncer_id
//   flash_write_interval: 60s
DEBUG Adding global: preferences::IntervalSyncer *preferences_intervalsyncer_id;
DEBUG Adding: preferences_intervalsyncer_id = new preferences::IntervalSyncer();
DEBUG Registered variable preferences_intervalsyncer_id of type preferences::IntervalSyncer
DEBUG Adding: preferences_intervalsyncer_id->set_write_interval(60000);
DEBUG Adding: preferences_intervalsyncer_id->set_component_source("preferences");
DEBUG Adding: App.register_component(preferences_intervalsyncer_id);
DEBUG  -> finished
DEBUG Running to_code in esphome.components.external_components (num 4)
DEBUG Adding: // external_components:
DEBUG Adding: //   []
DEBUG  -> finished
DEBUG Running to_code in esphome.components.as734x.sensor (num 9)
DEBUG Adding: // sensor.as734x:
DEBUG Adding: //   platform: as734x
//   i2c_id: i2c_41
//   update_interval: 10s
//   gain: X4
//   atime: 29
//   astep: 599
//   normalize_basic_counts: true
//   calibration:
//     glass_attenuation_factor: 1.0
//     channel_correction:
//     - 1.0
//     - 1.0
//     - 1.0
//     - 1.0
//     - 1.0
//     - 1.0
//     - 1.0
//     - 1.0
//     - 1.0
//     - 1.0
//     dark_current:
//     - 0.0
//     - 0.0
//     - 0.0
//     - 0.0
//     - 0.0
//     - 0.0
//     - 0.0
//     - 0.0
//     - 0.0
//     - 0.0
//   irradiance:
//     name: Irradiance 41
//     disabled_by_default: false
//     id: sensor_sensor_id
//     force_update: false
//     unit_of_measurement: W/m²
//     icon: mdi:radioactive
//     accuracy_decimals: 3
//     device_class: irradiance
//     state_class: measurement
//   irradiance_photopic:
//     name: Irradiance (Photopic) 41
//     disabled_by_default: false
//     id: sensor_sensor_id_2
//     force_update: false
//     unit_of_measurement: W/m²
//     icon: mdi:sun-wireless-outline
//     accuracy_decimals: 3
//     device_class: irradiance
//     state_class: measurement
//   irradiance_par:
//     name: Irradiance (PAR) 41
//     disabled_by_default: false
//     id: sensor_sensor_id_3
//     force_update: false
//     unit_of_measurement: W/m²
//     icon: mdi:sprout
//     accuracy_decimals: 3
//     device_class: irradiance
//     state_class: measurement
//   illuminance:
//     name: Illuminance 41
//     disabled_by_default: false
//     id: sensor_sensor_id_4
//     force_update: false
//     unit_of_measurement: lx
//     icon: mdi:weather-sunny
//     accuracy_decimals: 0
//     device_class: illuminance
//     state_class: measurement
//   ppfd:
//     name: PPFD 41
//     disabled_by_default: false
//     id: sensor_sensor_id_5
//     force_update: false
//     unit_of_measurement: µmol/s⋅m²
//     icon: mdi:sprout-outline
//     accuracy_decimals: 3
//     device_class: irradiance
//     state_class: measurement
//   color_temperature:
//     name: CCT 41
//     disabled_by_default: false
//     id: sensor_sensor_id_6
//     force_update: false
//     unit_of_measurement: K
//     icon: mdi:sun-thermometer-outline
//     accuracy_decimals: 0
//     state_class: measurement
//   saturation_level:
//     name: Saturation level 41
//     disabled_by_default: false
//     id: sensor_sensor_id_7
//     force_update: false
//     unit_of_measurement: '%'
//     icon: mdi:weather-sunny-alert
//     accuracy_decimals: 0
//     device_class: illuminance
//     state_class: measurement
//   counts:
//     f1:
//       name: c 415nm f1 41
//       disabled_by_default: false
//       id: sensor_sensor_id_8
//       force_update: false
//       unit_of_measurement: '#'
//       icon: mdi:counter
//       accuracy_decimals: 0
//       device_class: illuminance
//       state_class: measurement
//     f2:
//       name: c 445nm f2 41
//       disabled_by_default: false
//       id: sensor_sensor_id_9
//       force_update: false
//       unit_of_measurement: '#'
//       icon: mdi:counter
//       accuracy_decimals: 0
//       device_class: illuminance
//       state_class: measurement
//     f3:
//       name: c 480nm f3 41
//       disabled_by_default: false
//       id: sensor_sensor_id_10
//       force_update: false
//       unit_of_measurement: '#'
//       icon: mdi:counter
//       accuracy_decimals: 0
//       device_class: illuminance
//       state_class: measurement
//     f4:
//       name: c 515nm f4 41
//       disabled_by_default: false
//       id: sensor_sensor_id_11
//       force_update: false
//       unit_of_measurement: '#'
//       icon: mdi:counter
//       accuracy_decimals: 0
//       device_class: illuminance
//       state_class: measurement
//     f5:
//       name: c 555nm f5 41
//       disabled_by_default: false
//       id: sensor_sensor_id_12
//       force_update: false
//       unit_of_measurement: '#'
//       icon: mdi:counter
//       accuracy_decimals: 0
//       device_class: illuminance
//       state_class: measurement
//     f6:
//       name: c 590nm f6 41
//       disabled_by_default: false
//       id: sensor_sensor_id_13
//       force_update: false
//       unit_of_measurement: '#'
//       icon: mdi:counter
//       accuracy_decimals: 0
//       device_class: illuminance
//       state_class: measurement
//     f7:
//       name: c 630nm f7 41
//       disabled_by_default: false
//       id: sensor_sensor_id_14
//       force_update: false
//       unit_of_measurement: '#'
//       icon: mdi:counter
//       accuracy_decimals: 0
//       device_class: illuminance
//       state_class: measurement
//     f8:
//       name: c 680nm f8 41
//       disabled_by_default: false
//       id: sensor_sensor_id_15
//       force_update: false
//       unit_of_measurement: '#'
//       icon: mdi:counter
//       accuracy_decimals: 0
//       device_class: illuminance
//       state_class: measurement
//     clear:
//       name: c VIS 41
//       disabled_by_default: false
//       id: sensor_sensor_id_16
//       force_update: false
//       unit_of_measurement: '#'
//       icon: mdi:counter
//       accuracy_decimals: 0
//       device_class: illuminance
//       state_class: measurement
//     nir:
//       name: c 955nm nir 41
//       disabled_by_default: false
//       id: sensor_sensor_id_17
//       force_update: false
//       unit_of_measurement: '#'
//       icon: mdi:counter
//       accuracy_decimals: 0
//       device_class: illuminance
//       state_class: measurement
//   basic_counts:
//     f1:
//       name: bc 415nm f1 41
//       disabled_by_default: false
//       id: sensor_sensor_id_18
//       force_update: false
//       unit_of_measurement: '#'
//       icon: mdi:counter
//       accuracy_decimals: 6
//       device_class: illuminance
//       state_class: measurement
//     f2:
//       name: bc 445nm f2 41
//       disabled_by_default: false
//       id: sensor_sensor_id_19
//       force_update: false
//       unit_of_measurement: '#'
//       icon: mdi:counter
//       accuracy_decimals: 6
//       device_class: illuminance
//       state_class: measurement
//     f3:
//       name: bc 480nm f3 41
//       disabled_by_default: false
//       id: sensor_sensor_id_20
//       force_update: false
//       unit_of_measurement: '#'
//       icon: mdi:counter
//       accuracy_decimals: 6
//       device_class: illuminance
//       state_class: measurement
//     f4:
//       name: bc 515nm f4 41
//       disabled_by_default: false
//       id: sensor_sensor_id_21
//       force_update: false
//       unit_of_measurement: '#'
//       icon: mdi:counter
//       accuracy_decimals: 6
//       device_class: illuminance
//       state_class: measurement
//     f5:
//       name: bc 555nm f5 41
//       disabled_by_default: false
//       id: sensor_sensor_id_22
//       force_update: false
//       unit_of_measurement: '#'
//       icon: mdi:counter
//       accuracy_decimals: 6
//       device_class: illuminance
//       state_class: measurement
//     f6:
//       name: bc 590nm f6 41
//       disabled_by_default: false
//       id: sensor_sensor_id_23
//       force_update: false
//       unit_of_measurement: '#'
//       icon: mdi:counter
//       accuracy_decimals: 6
//       device_class: illuminance
//       state_class: measurement
//     f7:
//       name: bc 630nm f7 41
//       disabled_by_default: false
//       id: sensor_sensor_id_24
//       force_update: false
//       unit_of_measurement: '#'
//       icon: mdi:counter
//       accuracy_decimals: 6
//       device_class: illuminance
//       state_class: measurement
//     f8:
//       name: bc 680nm f8 41
//       disabled_by_default: false
//       id: sensor_sensor_id_25
//       force_update: false
//       unit_of_measurement: '#'
//       icon: mdi:counter
//       accuracy_decimals: 6
//       device_class: illuminance
//       state_class: measurement
//     clear:
//       name: bc VIS 41
//       disabled_by_default: false
//       id: sensor_sensor_id_26
//       force_update: false
//       unit_of_measurement: '#'
//       icon: mdi:counter
//       accuracy_decimals: 6
//       device_class: illuminance
//       state_class: measurement
//     nir:
//       name: bc 955nm nir 41
//       disabled_by_default: false
//       id: sensor_sensor_id_27
//       force_update: false
//       unit_of_measurement: '#'
//       icon: mdi:counter
//       accuracy_decimals: 6
//       device_class: illuminance
//       state_class: measurement
//   id: as734x_as734xcomponent_id
//   address: 0x39
//   type: AS7341
DEBUG Adding build flag: -DUSE_AS7341
DEBUG Adding global: as734x::AS734XComponent *as734x_as734xcomponent_id;
DEBUG Adding: as734x_as734xcomponent_id = new as734x::AS734XComponent();
DEBUG Registered variable as734x_as734xcomponent_id of type as734x::AS734XComponent
DEBUG Adding: as734x_as734xcomponent_id->set_update_interval(10000);
DEBUG Adding: as734x_as734xcomponent_id->set_component_source("as734x.sensor");
DEBUG Adding: App.register_component(as734x_as734xcomponent_id);
DEBUG Adding: as734x_as734xcomponent_id->set_i2c_bus(i2c_41);
DEBUG Adding: as734x_as734xcomponent_id->set_i2c_address(0x39);
DEBUG Adding: as734x_as734xcomponent_id->setup_model(as734x::Model::AS7341);
DEBUG Adding: as734x_as734xcomponent_id->set_gain(as734x::AS734x_GAIN_4X);
DEBUG Adding: as734x_as734xcomponent_id->set_atime(29);
DEBUG Adding: as734x_as734xcomponent_id->set_astep(599);
DEBUG Adding: as734x_as734xcomponent_id->set_normalize_basic_counts(true);
DEBUG Adding: as734x_as734xcomponent_id->set_dark_current_calibration({0.0f, 0.0f, 0.0f, 0.0f, 0.0f, 0.0f, 0.0f, 0.0f, 0.0f, 0.0f});
DEBUG Adding: as734x_as734xcomponent_id->set_channel_correction({1.0f, 1.0f, 1.0f, 1.0f, 1.0f, 1.0f, 1.0f, 1.0f, 1.0f, 1.0f});
DEBUG Adding: as734x_as734xcomponent_id->set_glass_attenuation_factor(1.0f);
DEBUG Adding global: sensor::Sensor *sensor_sensor_id_8;
DEBUG Adding: sensor_sensor_id_8 = new sensor::Sensor();
DEBUG Registered variable sensor_sensor_id_8 of type sensor::Sensor
DEBUG Adding: App.register_sensor(sensor_sensor_id_8);
DEBUG Adding: sensor_sensor_id_8->set_name("c 415nm f1 41");
DEBUG Adding: sensor_sensor_id_8->set_object_id("c_415nm_f1_41");
DEBUG Adding: sensor_sensor_id_8->set_disabled_by_default(false);
DEBUG Adding: sensor_sensor_id_8->set_icon("mdi:counter");
DEBUG Adding: sensor_sensor_id_8->set_device_class("illuminance");
DEBUG Adding: sensor_sensor_id_8->set_state_class(sensor::STATE_CLASS_MEASUREMENT);
DEBUG Adding: sensor_sensor_id_8->set_unit_of_measurement("#");
DEBUG Adding: sensor_sensor_id_8->set_accuracy_decimals(0);
DEBUG Adding: sensor_sensor_id_8->set_force_update(false);
DEBUG Adding: as734x_as734xcomponent_id->set_counts_sensor(sensor_sensor_id_8, 0);
DEBUG Adding global: sensor::Sensor *sensor_sensor_id_18;
DEBUG Adding: sensor_sensor_id_18 = new sensor::Sensor();
DEBUG Registered variable sensor_sensor_id_18 of type sensor::Sensor
DEBUG Adding: App.register_sensor(sensor_sensor_id_18);
DEBUG Adding: sensor_sensor_id_18->set_name("bc 415nm f1 41");
DEBUG Adding: sensor_sensor_id_18->set_object_id("bc_415nm_f1_41");
DEBUG Adding: sensor_sensor_id_18->set_disabled_by_default(false);
DEBUG Adding: sensor_sensor_id_18->set_icon("mdi:counter");
DEBUG Adding: sensor_sensor_id_18->set_device_class("illuminance");
DEBUG Adding: sensor_sensor_id_18->set_state_class(sensor::STATE_CLASS_MEASUREMENT);
DEBUG Adding: sensor_sensor_id_18->set_unit_of_measurement("#");
DEBUG Adding: sensor_sensor_id_18->set_accuracy_decimals(6);
DEBUG Adding: sensor_sensor_id_18->set_force_update(false);
DEBUG Adding: as734x_as734xcomponent_id->set_basic_counts_sensor(sensor_sensor_id_18, 0);
DEBUG Adding global: sensor::Sensor *sensor_sensor_id_9;
DEBUG Adding: sensor_sensor_id_9 = new sensor::Sensor();
DEBUG Registered variable sensor_sensor_id_9 of type sensor::Sensor
DEBUG Adding: App.register_sensor(sensor_sensor_id_9);
DEBUG Adding: sensor_sensor_id_9->set_name("c 445nm f2 41");
DEBUG Adding: sensor_sensor_id_9->set_object_id("c_445nm_f2_41");
DEBUG Adding: sensor_sensor_id_9->set_disabled_by_default(false);
DEBUG Adding: sensor_sensor_id_9->set_icon("mdi:counter");
DEBUG Adding: sensor_sensor_id_9->set_device_class("illuminance");
DEBUG Adding: sensor_sensor_id_9->set_state_class(sensor::STATE_CLASS_MEASUREMENT);
DEBUG Adding: sensor_sensor_id_9->set_unit_of_measurement("#");
DEBUG Adding: sensor_sensor_id_9->set_accuracy_decimals(0);
DEBUG Adding: sensor_sensor_id_9->set_force_update(false);
DEBUG Adding: as734x_as734xcomponent_id->set_counts_sensor(sensor_sensor_id_9, 1);
DEBUG Adding global: sensor::Sensor *sensor_sensor_id_19;
DEBUG Adding: sensor_sensor_id_19 = new sensor::Sensor();
DEBUG Registered variable sensor_sensor_id_19 of type sensor::Sensor
DEBUG Adding: App.register_sensor(sensor_sensor_id_19);
DEBUG Adding: sensor_sensor_id_19->set_name("bc 445nm f2 41");
DEBUG Adding: sensor_sensor_id_19->set_object_id("bc_445nm_f2_41");
DEBUG Adding: sensor_sensor_id_19->set_disabled_by_default(false);
DEBUG Adding: sensor_sensor_id_19->set_icon("mdi:counter");
DEBUG Adding: sensor_sensor_id_19->set_device_class("illuminance");
DEBUG Adding: sensor_sensor_id_19->set_state_class(sensor::STATE_CLASS_MEASUREMENT);
DEBUG Adding: sensor_sensor_id_19->set_unit_of_measurement("#");
DEBUG Adding: sensor_sensor_id_19->set_accuracy_decimals(6);
DEBUG Adding: sensor_sensor_id_19->set_force_update(false);
DEBUG Adding: as734x_as734xcomponent_id->set_basic_counts_sensor(sensor_sensor_id_19, 1);
DEBUG Adding global: sensor::Sensor *sensor_sensor_id_10;
DEBUG Adding: sensor_sensor_id_10 = new sensor::Sensor();
DEBUG Registered variable sensor_sensor_id_10 of type sensor::Sensor
DEBUG Adding: App.register_sensor(sensor_sensor_id_10);
DEBUG Adding: sensor_sensor_id_10->set_name("c 480nm f3 41");
DEBUG Adding: sensor_sensor_id_10->set_object_id("c_480nm_f3_41");
DEBUG Adding: sensor_sensor_id_10->set_disabled_by_default(false);
DEBUG Adding: sensor_sensor_id_10->set_icon("mdi:counter");
DEBUG Adding: sensor_sensor_id_10->set_device_class("illuminance");
DEBUG Adding: sensor_sensor_id_10->set_state_class(sensor::STATE_CLASS_MEASUREMENT);
DEBUG Adding: sensor_sensor_id_10->set_unit_of_measurement("#");
DEBUG Adding: sensor_sensor_id_10->set_accuracy_decimals(0);
DEBUG Adding: sensor_sensor_id_10->set_force_update(false);
DEBUG Adding: as734x_as734xcomponent_id->set_counts_sensor(sensor_sensor_id_10, 2);
DEBUG Adding global: sensor::Sensor *sensor_sensor_id_20;
DEBUG Adding: sensor_sensor_id_20 = new sensor::Sensor();
DEBUG Registered variable sensor_sensor_id_20 of type sensor::Sensor
DEBUG Adding: App.register_sensor(sensor_sensor_id_20);
DEBUG Adding: sensor_sensor_id_20->set_name("bc 480nm f3 41");
DEBUG Adding: sensor_sensor_id_20->set_object_id("bc_480nm_f3_41");
DEBUG Adding: sensor_sensor_id_20->set_disabled_by_default(false);
DEBUG Adding: sensor_sensor_id_20->set_icon("mdi:counter");
DEBUG Adding: sensor_sensor_id_20->set_device_class("illuminance");
DEBUG Adding: sensor_sensor_id_20->set_state_class(sensor::STATE_CLASS_MEASUREMENT);
DEBUG Adding: sensor_sensor_id_20->set_unit_of_measurement("#");
DEBUG Adding: sensor_sensor_id_20->set_accuracy_decimals(6);
DEBUG Adding: sensor_sensor_id_20->set_force_update(false);
DEBUG Adding: as734x_as734xcomponent_id->set_basic_counts_sensor(sensor_sensor_id_20, 2);
DEBUG Adding global: sensor::Sensor *sensor_sensor_id_11;
DEBUG Adding: sensor_sensor_id_11 = new sensor::Sensor();
DEBUG Registered variable sensor_sensor_id_11 of type sensor::Sensor
DEBUG Adding: App.register_sensor(sensor_sensor_id_11);
DEBUG Adding: sensor_sensor_id_11->set_name("c 515nm f4 41");
DEBUG Adding: sensor_sensor_id_11->set_object_id("c_515nm_f4_41");
DEBUG Adding: sensor_sensor_id_11->set_disabled_by_default(false);
DEBUG Adding: sensor_sensor_id_11->set_icon("mdi:counter");
DEBUG Adding: sensor_sensor_id_11->set_device_class("illuminance");
DEBUG Adding: sensor_sensor_id_11->set_state_class(sensor::STATE_CLASS_MEASUREMENT);
DEBUG Adding: sensor_sensor_id_11->set_unit_of_measurement("#");
DEBUG Adding: sensor_sensor_id_11->set_accuracy_decimals(0);
DEBUG Adding: sensor_sensor_id_11->set_force_update(false);
DEBUG Adding: as734x_as734xcomponent_id->set_counts_sensor(sensor_sensor_id_11, 3);
DEBUG Adding global: sensor::Sensor *sensor_sensor_id_21;
DEBUG Adding: sensor_sensor_id_21 = new sensor::Sensor();
DEBUG Registered variable sensor_sensor_id_21 of type sensor::Sensor
DEBUG Adding: App.register_sensor(sensor_sensor_id_21);
DEBUG Adding: sensor_sensor_id_21->set_name("bc 515nm f4 41");
DEBUG Adding: sensor_sensor_id_21->set_object_id("bc_515nm_f4_41");
DEBUG Adding: sensor_sensor_id_21->set_disabled_by_default(false);
DEBUG Adding: sensor_sensor_id_21->set_icon("mdi:counter");
DEBUG Adding: sensor_sensor_id_21->set_device_class("illuminance");
DEBUG Adding: sensor_sensor_id_21->set_state_class(sensor::STATE_CLASS_MEASUREMENT);
DEBUG Adding: sensor_sensor_id_21->set_unit_of_measurement("#");
DEBUG Adding: sensor_sensor_id_21->set_accuracy_decimals(6);
DEBUG Adding: sensor_sensor_id_21->set_force_update(false);
DEBUG Adding: as734x_as734xcomponent_id->set_basic_counts_sensor(sensor_sensor_id_21, 3);
DEBUG Adding global: sensor::Sensor *sensor_sensor_id_12;
DEBUG Adding: sensor_sensor_id_12 = new sensor::Sensor();
DEBUG Registered variable sensor_sensor_id_12 of type sensor::Sensor
DEBUG Adding: App.register_sensor(sensor_sensor_id_12);
DEBUG Adding: sensor_sensor_id_12->set_name("c 555nm f5 41");
DEBUG Adding: sensor_sensor_id_12->set_object_id("c_555nm_f5_41");
DEBUG Adding: sensor_sensor_id_12->set_disabled_by_default(false);
DEBUG Adding: sensor_sensor_id_12->set_icon("mdi:counter");
DEBUG Adding: sensor_sensor_id_12->set_device_class("illuminance");
DEBUG Adding: sensor_sensor_id_12->set_state_class(sensor::STATE_CLASS_MEASUREMENT);
DEBUG Adding: sensor_sensor_id_12->set_unit_of_measurement("#");
DEBUG Adding: sensor_sensor_id_12->set_accuracy_decimals(0);
DEBUG Adding: sensor_sensor_id_12->set_force_update(false);
DEBUG Adding: as734x_as734xcomponent_id->set_counts_sensor(sensor_sensor_id_12, 4);
DEBUG Adding global: sensor::Sensor *sensor_sensor_id_22;
DEBUG Adding: sensor_sensor_id_22 = new sensor::Sensor();
DEBUG Registered variable sensor_sensor_id_22 of type sensor::Sensor
DEBUG Adding: App.register_sensor(sensor_sensor_id_22);
DEBUG Adding: sensor_sensor_id_22->set_name("bc 555nm f5 41");
DEBUG Adding: sensor_sensor_id_22->set_object_id("bc_555nm_f5_41");
DEBUG Adding: sensor_sensor_id_22->set_disabled_by_default(false);
DEBUG Adding: sensor_sensor_id_22->set_icon("mdi:counter");
DEBUG Adding: sensor_sensor_id_22->set_device_class("illuminance");
DEBUG Adding: sensor_sensor_id_22->set_state_class(sensor::STATE_CLASS_MEASUREMENT);
DEBUG Adding: sensor_sensor_id_22->set_unit_of_measurement("#");
DEBUG Adding: sensor_sensor_id_22->set_accuracy_decimals(6);
DEBUG Adding: sensor_sensor_id_22->set_force_update(false);
DEBUG Adding: as734x_as734xcomponent_id->set_basic_counts_sensor(sensor_sensor_id_22, 4);
DEBUG Adding global: sensor::Sensor *sensor_sensor_id_13;
DEBUG Adding: sensor_sensor_id_13 = new sensor::Sensor();
DEBUG Registered variable sensor_sensor_id_13 of type sensor::Sensor
DEBUG Adding: App.register_sensor(sensor_sensor_id_13);
DEBUG Adding: sensor_sensor_id_13->set_name("c 590nm f6 41");
DEBUG Adding: sensor_sensor_id_13->set_object_id("c_590nm_f6_41");
DEBUG Adding: sensor_sensor_id_13->set_disabled_by_default(false);
DEBUG Adding: sensor_sensor_id_13->set_icon("mdi:counter");
DEBUG Adding: sensor_sensor_id_13->set_device_class("illuminance");
DEBUG Adding: sensor_sensor_id_13->set_state_class(sensor::STATE_CLASS_MEASUREMENT);
DEBUG Adding: sensor_sensor_id_13->set_unit_of_measurement("#");
DEBUG Adding: sensor_sensor_id_13->set_accuracy_decimals(0);
DEBUG Adding: sensor_sensor_id_13->set_force_update(false);
DEBUG Adding: as734x_as734xcomponent_id->set_counts_sensor(sensor_sensor_id_13, 5);
DEBUG Adding global: sensor::Sensor *sensor_sensor_id_23;
DEBUG Adding: sensor_sensor_id_23 = new sensor::Sensor();
DEBUG Registered variable sensor_sensor_id_23 of type sensor::Sensor
DEBUG Adding: App.register_sensor(sensor_sensor_id_23);
DEBUG Adding: sensor_sensor_id_23->set_name("bc 590nm f6 41");
DEBUG Adding: sensor_sensor_id_23->set_object_id("bc_590nm_f6_41");
DEBUG Adding: sensor_sensor_id_23->set_disabled_by_default(false);
DEBUG Adding: sensor_sensor_id_23->set_icon("mdi:counter");
DEBUG Adding: sensor_sensor_id_23->set_device_class("illuminance");
DEBUG Adding: sensor_sensor_id_23->set_state_class(sensor::STATE_CLASS_MEASUREMENT);
DEBUG Adding: sensor_sensor_id_23->set_unit_of_measurement("#");
DEBUG Adding: sensor_sensor_id_23->set_accuracy_decimals(6);
DEBUG Adding: sensor_sensor_id_23->set_force_update(false);
DEBUG Adding: as734x_as734xcomponent_id->set_basic_counts_sensor(sensor_sensor_id_23, 5);
DEBUG Adding global: sensor::Sensor *sensor_sensor_id_14;
DEBUG Adding: sensor_sensor_id_14 = new sensor::Sensor();
DEBUG Registered variable sensor_sensor_id_14 of type sensor::Sensor
DEBUG Adding: App.register_sensor(sensor_sensor_id_14);
DEBUG Adding: sensor_sensor_id_14->set_name("c 630nm f7 41");
DEBUG Adding: sensor_sensor_id_14->set_object_id("c_630nm_f7_41");
DEBUG Adding: sensor_sensor_id_14->set_disabled_by_default(false);
DEBUG Adding: sensor_sensor_id_14->set_icon("mdi:counter");
DEBUG Adding: sensor_sensor_id_14->set_device_class("illuminance");
DEBUG Adding: sensor_sensor_id_14->set_state_class(sensor::STATE_CLASS_MEASUREMENT);
DEBUG Adding: sensor_sensor_id_14->set_unit_of_measurement("#");
DEBUG Adding: sensor_sensor_id_14->set_accuracy_decimals(0);
DEBUG Adding: sensor_sensor_id_14->set_force_update(false);
DEBUG Adding: as734x_as734xcomponent_id->set_counts_sensor(sensor_sensor_id_14, 6);
DEBUG Adding global: sensor::Sensor *sensor_sensor_id_24;
DEBUG Adding: sensor_sensor_id_24 = new sensor::Sensor();
DEBUG Registered variable sensor_sensor_id_24 of type sensor::Sensor
DEBUG Adding: App.register_sensor(sensor_sensor_id_24);
DEBUG Adding: sensor_sensor_id_24->set_name("bc 630nm f7 41");
DEBUG Adding: sensor_sensor_id_24->set_object_id("bc_630nm_f7_41");
DEBUG Adding: sensor_sensor_id_24->set_disabled_by_default(false);
DEBUG Adding: sensor_sensor_id_24->set_icon("mdi:counter");
DEBUG Adding: sensor_sensor_id_24->set_device_class("illuminance");
DEBUG Adding: sensor_sensor_id_24->set_state_class(sensor::STATE_CLASS_MEASUREMENT);
DEBUG Adding: sensor_sensor_id_24->set_unit_of_measurement("#");
DEBUG Adding: sensor_sensor_id_24->set_accuracy_decimals(6);
DEBUG Adding: sensor_sensor_id_24->set_force_update(false);
DEBUG Adding: as734x_as734xcomponent_id->set_basic_counts_sensor(sensor_sensor_id_24, 6);
DEBUG Adding global: sensor::Sensor *sensor_sensor_id_15;
DEBUG Adding: sensor_sensor_id_15 = new sensor::Sensor();
DEBUG Registered variable sensor_sensor_id_15 of type sensor::Sensor
DEBUG Adding: App.register_sensor(sensor_sensor_id_15);
DEBUG Adding: sensor_sensor_id_15->set_name("c 680nm f8 41");
DEBUG Adding: sensor_sensor_id_15->set_object_id("c_680nm_f8_41");
DEBUG Adding: sensor_sensor_id_15->set_disabled_by_default(false);
DEBUG Adding: sensor_sensor_id_15->set_icon("mdi:counter");
DEBUG Adding: sensor_sensor_id_15->set_device_class("illuminance");
DEBUG Adding: sensor_sensor_id_15->set_state_class(sensor::STATE_CLASS_MEASUREMENT);
DEBUG Adding: sensor_sensor_id_15->set_unit_of_measurement("#");
DEBUG Adding: sensor_sensor_id_15->set_accuracy_decimals(0);
DEBUG Adding: sensor_sensor_id_15->set_force_update(false);
DEBUG Adding: as734x_as734xcomponent_id->set_counts_sensor(sensor_sensor_id_15, 7);
DEBUG Adding global: sensor::Sensor *sensor_sensor_id_25;
DEBUG Adding: sensor_sensor_id_25 = new sensor::Sensor();
DEBUG Registered variable sensor_sensor_id_25 of type sensor::Sensor
DEBUG Adding: App.register_sensor(sensor_sensor_id_25);
DEBUG Adding: sensor_sensor_id_25->set_name("bc 680nm f8 41");
DEBUG Adding: sensor_sensor_id_25->set_object_id("bc_680nm_f8_41");
DEBUG Adding: sensor_sensor_id_25->set_disabled_by_default(false);
DEBUG Adding: sensor_sensor_id_25->set_icon("mdi:counter");
DEBUG Adding: sensor_sensor_id_25->set_device_class("illuminance");
DEBUG Adding: sensor_sensor_id_25->set_state_class(sensor::STATE_CLASS_MEASUREMENT);
DEBUG Adding: sensor_sensor_id_25->set_unit_of_measurement("#");
DEBUG Adding: sensor_sensor_id_25->set_accuracy_decimals(6);
DEBUG Adding: sensor_sensor_id_25->set_force_update(false);
DEBUG Adding: as734x_as734xcomponent_id->set_basic_counts_sensor(sensor_sensor_id_25, 7);
DEBUG Adding global: sensor::Sensor *sensor_sensor_id_17;
DEBUG Adding: sensor_sensor_id_17 = new sensor::Sensor();
DEBUG Registered variable sensor_sensor_id_17 of type sensor::Sensor
DEBUG Adding: App.register_sensor(sensor_sensor_id_17);
DEBUG Adding: sensor_sensor_id_17->set_name("c 955nm nir 41");
DEBUG Adding: sensor_sensor_id_17->set_object_id("c_955nm_nir_41");
DEBUG Adding: sensor_sensor_id_17->set_disabled_by_default(false);
DEBUG Adding: sensor_sensor_id_17->set_icon("mdi:counter");
DEBUG Adding: sensor_sensor_id_17->set_device_class("illuminance");
DEBUG Adding: sensor_sensor_id_17->set_state_class(sensor::STATE_CLASS_MEASUREMENT);
DEBUG Adding: sensor_sensor_id_17->set_unit_of_measurement("#");
DEBUG Adding: sensor_sensor_id_17->set_accuracy_decimals(0);
DEBUG Adding: sensor_sensor_id_17->set_force_update(false);
DEBUG Adding: as734x_as734xcomponent_id->set_counts_sensor(sensor_sensor_id_17, 8);
DEBUG Adding global: sensor::Sensor *sensor_sensor_id_27;
DEBUG Adding: sensor_sensor_id_27 = new sensor::Sensor();
DEBUG Registered variable sensor_sensor_id_27 of type sensor::Sensor
DEBUG Adding: App.register_sensor(sensor_sensor_id_27);
DEBUG Adding: sensor_sensor_id_27->set_name("bc 955nm nir 41");
DEBUG Adding: sensor_sensor_id_27->set_object_id("bc_955nm_nir_41");
DEBUG Adding: sensor_sensor_id_27->set_disabled_by_default(false);
DEBUG Adding: sensor_sensor_id_27->set_icon("mdi:counter");
DEBUG Adding: sensor_sensor_id_27->set_device_class("illuminance");
DEBUG Adding: sensor_sensor_id_27->set_state_class(sensor::STATE_CLASS_MEASUREMENT);
DEBUG Adding: sensor_sensor_id_27->set_unit_of_measurement("#");
DEBUG Adding: sensor_sensor_id_27->set_accuracy_decimals(6);
DEBUG Adding: sensor_sensor_id_27->set_force_update(false);
DEBUG Adding: as734x_as734xcomponent_id->set_basic_counts_sensor(sensor_sensor_id_27, 8);
DEBUG Adding global: sensor::Sensor *sensor_sensor_id_16;
DEBUG Adding: sensor_sensor_id_16 = new sensor::Sensor();
DEBUG Registered variable sensor_sensor_id_16 of type sensor::Sensor
DEBUG Adding: App.register_sensor(sensor_sensor_id_16);
DEBUG Adding: sensor_sensor_id_16->set_name("c VIS 41");
DEBUG Adding: sensor_sensor_id_16->set_object_id("c_vis_41");
DEBUG Adding: sensor_sensor_id_16->set_disabled_by_default(false);
DEBUG Adding: sensor_sensor_id_16->set_icon("mdi:counter");
DEBUG Adding: sensor_sensor_id_16->set_device_class("illuminance");
DEBUG Adding: sensor_sensor_id_16->set_state_class(sensor::STATE_CLASS_MEASUREMENT);
DEBUG Adding: sensor_sensor_id_16->set_unit_of_measurement("#");
DEBUG Adding: sensor_sensor_id_16->set_accuracy_decimals(0);
DEBUG Adding: sensor_sensor_id_16->set_force_update(false);
DEBUG Adding: as734x_as734xcomponent_id->set_counts_sensor(sensor_sensor_id_16, 9);
DEBUG Adding global: sensor::Sensor *sensor_sensor_id_26;
DEBUG Adding: sensor_sensor_id_26 = new sensor::Sensor();
DEBUG Registered variable sensor_sensor_id_26 of type sensor::Sensor
DEBUG Adding: App.register_sensor(sensor_sensor_id_26);
DEBUG Adding: sensor_sensor_id_26->set_name("bc VIS 41");
DEBUG Adding: sensor_sensor_id_26->set_object_id("bc_vis_41");
DEBUG Adding: sensor_sensor_id_26->set_disabled_by_default(false);
DEBUG Adding: sensor_sensor_id_26->set_icon("mdi:counter");
DEBUG Adding: sensor_sensor_id_26->set_device_class("illuminance");
DEBUG Adding: sensor_sensor_id_26->set_state_class(sensor::STATE_CLASS_MEASUREMENT);
DEBUG Adding: sensor_sensor_id_26->set_unit_of_measurement("#");
DEBUG Adding: sensor_sensor_id_26->set_accuracy_decimals(6);
DEBUG Adding: sensor_sensor_id_26->set_force_update(false);
DEBUG Adding: as734x_as734xcomponent_id->set_basic_counts_sensor(sensor_sensor_id_26, 9);
DEBUG Adding global: sensor::Sensor *sensor_sensor_id_4;
DEBUG Adding: sensor_sensor_id_4 = new sensor::Sensor();
DEBUG Registered variable sensor_sensor_id_4 of type sensor::Sensor
DEBUG Adding: App.register_sensor(sensor_sensor_id_4);
DEBUG Adding: sensor_sensor_id_4->set_name("Illuminance 41");
DEBUG Adding: sensor_sensor_id_4->set_object_id("illuminance_41");
DEBUG Adding: sensor_sensor_id_4->set_disabled_by_default(false);
DEBUG Adding: sensor_sensor_id_4->set_icon("mdi:weather-sunny");
DEBUG Adding: sensor_sensor_id_4->set_device_class("illuminance");
DEBUG Adding: sensor_sensor_id_4->set_state_class(sensor::STATE_CLASS_MEASUREMENT);
DEBUG Adding: sensor_sensor_id_4->set_unit_of_measurement("lx");
DEBUG Adding: sensor_sensor_id_4->set_accuracy_decimals(0);
DEBUG Adding: sensor_sensor_id_4->set_force_update(false);
DEBUG Adding: as734x_as734xcomponent_id->set_illuminance_sensor(sensor_sensor_id_4);
DEBUG Adding global: sensor::Sensor *sensor_sensor_id;
DEBUG Adding: sensor_sensor_id = new sensor::Sensor();
DEBUG Registered variable sensor_sensor_id of type sensor::Sensor
DEBUG Adding: App.register_sensor(sensor_sensor_id);
DEBUG Adding: sensor_sensor_id->set_name("Irradiance 41");
DEBUG Adding: sensor_sensor_id->set_object_id("irradiance_41");
DEBUG Adding: sensor_sensor_id->set_disabled_by_default(false);
DEBUG Adding: sensor_sensor_id->set_icon("mdi:radioactive");
DEBUG Adding: sensor_sensor_id->set_device_class("irradiance");
DEBUG Adding: sensor_sensor_id->set_state_class(sensor::STATE_CLASS_MEASUREMENT);
DEBUG Adding: sensor_sensor_id->set_unit_of_measurement("W/m\302\262");
DEBUG Adding: sensor_sensor_id->set_accuracy_decimals(3);
DEBUG Adding: sensor_sensor_id->set_force_update(false);
DEBUG Adding: as734x_as734xcomponent_id->set_irradiance_sensor(sensor_sensor_id);
DEBUG Adding global: sensor::Sensor *sensor_sensor_id_2;
DEBUG Adding: sensor_sensor_id_2 = new sensor::Sensor();
DEBUG Registered variable sensor_sensor_id_2 of type sensor::Sensor
DEBUG Adding: App.register_sensor(sensor_sensor_id_2);
DEBUG Adding: sensor_sensor_id_2->set_name("Irradiance (Photopic) 41");
DEBUG Adding: sensor_sensor_id_2->set_object_id("irradiance__photopic__41");
DEBUG Adding: sensor_sensor_id_2->set_disabled_by_default(false);
DEBUG Adding: sensor_sensor_id_2->set_icon("mdi:sun-wireless-outline");
DEBUG Adding: sensor_sensor_id_2->set_device_class("irradiance");
DEBUG Adding: sensor_sensor_id_2->set_state_class(sensor::STATE_CLASS_MEASUREMENT);
DEBUG Adding: sensor_sensor_id_2->set_unit_of_measurement("W/m\302\262");
DEBUG Adding: sensor_sensor_id_2->set_accuracy_decimals(3);
DEBUG Adding: sensor_sensor_id_2->set_force_update(false);
DEBUG Adding: as734x_as734xcomponent_id->set_irradiance_photopic_sensor(sensor_sensor_id_2);
DEBUG Adding global: sensor::Sensor *sensor_sensor_id_3;
DEBUG Adding: sensor_sensor_id_3 = new sensor::Sensor();
DEBUG Registered variable sensor_sensor_id_3 of type sensor::Sensor
DEBUG Adding: App.register_sensor(sensor_sensor_id_3);
DEBUG Adding: sensor_sensor_id_3->set_name("Irradiance (PAR) 41");
DEBUG Adding: sensor_sensor_id_3->set_object_id("irradiance__par__41");
DEBUG Adding: sensor_sensor_id_3->set_disabled_by_default(false);
DEBUG Adding: sensor_sensor_id_3->set_icon("mdi:sprout");
DEBUG Adding: sensor_sensor_id_3->set_device_class("irradiance");
DEBUG Adding: sensor_sensor_id_3->set_state_class(sensor::STATE_CLASS_MEASUREMENT);
DEBUG Adding: sensor_sensor_id_3->set_unit_of_measurement("W/m\302\262");
DEBUG Adding: sensor_sensor_id_3->set_accuracy_decimals(3);
DEBUG Adding: sensor_sensor_id_3->set_force_update(false);
DEBUG Adding: as734x_as734xcomponent_id->set_irradiance_par_sensor(sensor_sensor_id_3);
DEBUG Adding global: sensor::Sensor *sensor_sensor_id_5;
DEBUG Adding: sensor_sensor_id_5 = new sensor::Sensor();
DEBUG Registered variable sensor_sensor_id_5 of type sensor::Sensor
DEBUG Adding: App.register_sensor(sensor_sensor_id_5);
DEBUG Adding: sensor_sensor_id_5->set_name("PPFD 41");
DEBUG Adding: sensor_sensor_id_5->set_object_id("ppfd_41");
DEBUG Adding: sensor_sensor_id_5->set_disabled_by_default(false);
DEBUG Adding: sensor_sensor_id_5->set_icon("mdi:sprout-outline");
DEBUG Adding: sensor_sensor_id_5->set_device_class("irradiance");
DEBUG Adding: sensor_sensor_id_5->set_state_class(sensor::STATE_CLASS_MEASUREMENT);
DEBUG Adding: sensor_sensor_id_5->set_unit_of_measurement("\302\265mol/s\342\213\205m\302\262");
DEBUG Adding: sensor_sensor_id_5->set_accuracy_decimals(3);
DEBUG Adding: sensor_sensor_id_5->set_force_update(false);
DEBUG Adding: as734x_as734xcomponent_id->set_ppfd_sensor(sensor_sensor_id_5);
DEBUG Adding global: sensor::Sensor *sensor_sensor_id_6;
DEBUG Adding: sensor_sensor_id_6 = new sensor::Sensor();
DEBUG Registered variable sensor_sensor_id_6 of type sensor::Sensor
DEBUG Adding: App.register_sensor(sensor_sensor_id_6);
DEBUG Adding: sensor_sensor_id_6->set_name("CCT 41");
DEBUG Adding: sensor_sensor_id_6->set_object_id("cct_41");
DEBUG Adding: sensor_sensor_id_6->set_disabled_by_default(false);
DEBUG Adding: sensor_sensor_id_6->set_icon("mdi:sun-thermometer-outline");
DEBUG Adding: sensor_sensor_id_6->set_state_class(sensor::STATE_CLASS_MEASUREMENT);
DEBUG Adding: sensor_sensor_id_6->set_unit_of_measurement("K");
DEBUG Adding: sensor_sensor_id_6->set_accuracy_decimals(0);
DEBUG Adding: sensor_sensor_id_6->set_force_update(false);
DEBUG Adding: as734x_as734xcomponent_id->set_color_temperature_sensor(sensor_sensor_id_6);
DEBUG Adding global: sensor::Sensor *sensor_sensor_id_7;
DEBUG Adding: sensor_sensor_id_7 = new sensor::Sensor();
DEBUG Registered variable sensor_sensor_id_7 of type sensor::Sensor
DEBUG Adding: App.register_sensor(sensor_sensor_id_7);
DEBUG Adding: sensor_sensor_id_7->set_name("Saturation level 41");
DEBUG Adding: sensor_sensor_id_7->set_object_id("saturation_level_41");
DEBUG Adding: sensor_sensor_id_7->set_disabled_by_default(false);
DEBUG Adding: sensor_sensor_id_7->set_icon("mdi:weather-sunny-alert");
DEBUG Adding: sensor_sensor_id_7->set_device_class("illuminance");
DEBUG Adding: sensor_sensor_id_7->set_state_class(sensor::STATE_CLASS_MEASUREMENT);
DEBUG Adding: sensor_sensor_id_7->set_unit_of_measurement("%");
DEBUG Adding: sensor_sensor_id_7->set_accuracy_decimals(0);
DEBUG Adding: sensor_sensor_id_7->set_force_update(false);
DEBUG Adding: as734x_as734xcomponent_id->set_saturation_level_sensor(sensor_sensor_id_7);
DEBUG  -> finished
DEBUG Running to_code in esphome.components.network (num 16)
DEBUG Adding: // network:
DEBUG Adding: //   enable_ipv6: false
//   min_ipv6_addr_count: 0
DEBUG Adding define: USE_NETWORK=None
DEBUG Adding define: USE_NETWORK_IPV6=false
DEBUG  -> finished
DEBUG Running to_code in esphome.components.socket (num 17)
DEBUG Adding: // socket:
DEBUG Adding: //   implementation: bsd_sockets
DEBUG Adding define: USE_SOCKET_IMPL_BSD_SOCKETS=None
DEBUG  -> finished
DEBUG Running to_code in esphome.components.md5 (num 18)
DEBUG Adding: // md5:
DEBUG Adding define: USE_MD5=None
DEBUG  -> finished
DEBUG Running add_arduino_global_workaround in esphome.core.config (num 25)
DEBUG Adding global: #define yield() esphome::yield()
DEBUG Adding global: #define millis() esphome::millis()
DEBUG Adding global: #define micros() esphome::micros()
DEBUG Adding global: #define delay(x) esphome::delay(x)
DEBUG Adding global: #define delayMicroseconds(x) esphome::delayMicroseconds(x)
DEBUG  -> finished
INFO Compiling app...
DEBUG Running:  platformio run -d /root/esphome-dev/esphome/config/.esphome/build/as734x
Processing as734x (board: esp32dev; framework: arduino; platform: platformio/espressif32@5.4.0)
--------------------------------------------------------------------------------
HARDWARE: ESP32 240MHz, 320KB RAM, 4MB Flash
 - toolchain-xtensa-esp32 @ 8.4.0+2021r2-patch5
Dependency Graph
|-- AsyncTCP-esphome @ 2.1.4
|-- WiFi @ 2.0.0
|-- FS @ 2.0.0
|-- Update @ 2.0.0
|-- ESPAsyncWebServer-esphome @ 3.3.0
|-- ESPmDNS @ 2.0.0
|-- Wire @ 2.0.0
|-- ArduinoJson @ 6.18.5
Compiling .pioenvs/as734x/src/esphome/components/api/api_connection.cpp.o
Compiling .pioenvs/as734x/src/esphome/components/api/api_frame_helper.cpp.o
Compiling .pioenvs/as734x/src/esphome/components/api/api_pb2.cpp.o
Compiling .pioenvs/as734x/src/esphome/components/api/api_pb2_service.cpp.o
Compiling .pioenvs/as734x/src/esphome/components/api/api_server.cpp.o
Compiling .pioenvs/as734x/src/esphome/components/api/list_entities.cpp.o
Compiling .pioenvs/as734x/src/esphome/components/api/proto.cpp.o
Compiling .pioenvs/as734x/src/esphome/components/api/subscribe_state.cpp.o
Compiling .pioenvs/as734x/src/esphome/components/api/user_services.cpp.o
Compiling .pioenvs/as734x/src/esphome/components/as734x/as7341.cpp.o
Compiling .pioenvs/as734x/src/esphome/components/as734x/as7343.cpp.o
Compiling .pioenvs/as734x/src/esphome/components/as734x/as734x.cpp.o
Compiling .pioenvs/as734x/src/esphome/components/as734x/as734xbase.cpp.o
Compiling .pioenvs/as734x/src/esphome/components/as734x/color_helpers.cpp.o
Compiling .pioenvs/as734x/src/esphome/components/esp32/core.cpp.o
Compiling .pioenvs/as734x/src/esphome/components/esp32/gpio.cpp.o
Compiling .pioenvs/as734x/src/esphome/components/esp32/preferences.cpp.o
Compiling .pioenvs/as734x/src/esphome/components/esphome/ota/ota_esphome.cpp.o
Compiling .pioenvs/as734x/src/esphome/components/i2c/i2c.cpp.o
Compiling .pioenvs/as734x/src/esphome/components/i2c/i2c_bus_arduino.cpp.o
Compiling .pioenvs/as734x/src/esphome/components/i2c/i2c_bus_esp_idf.cpp.o
src/esphome/components/as734x/as734x.cpp: In member function 'void esphome::as734x::AS734XComponent::setup_model(esphome::as734x::Model)':
src/esphome/components/as734x/as734x.cpp:56:17: note: #pragma message: Compiled in AS7341
 #pragma message "Compiled in AS7341"
                 ^~~~~~~~~~~~~~~~~~~~
Compiling .pioenvs/as734x/src/esphome/components/json/json_util.cpp.o
Compiling .pioenvs/as734x/src/esphome/components/logger/logger.cpp.o
Compiling .pioenvs/as734x/src/esphome/components/logger/logger_esp32.cpp.o
Compiling .pioenvs/as734x/src/esphome/components/logger/logger_esp8266.cpp.o
Compiling .pioenvs/as734x/src/esphome/components/logger/logger_host.cpp.o
Compiling .pioenvs/as734x/src/esphome/components/logger/logger_libretiny.cpp.o
Compiling .pioenvs/as734x/src/esphome/components/logger/logger_rp2040.cpp.o
Compiling .pioenvs/as734x/src/esphome/components/md5/md5.cpp.o
Compiling .pioenvs/as734x/src/esphome/components/mdns/mdns_component.cpp.o
Compiling .pioenvs/as734x/src/esphome/components/mdns/mdns_esp32.cpp.o
Compiling .pioenvs/as734x/src/esphome/components/mdns/mdns_esp8266.cpp.o
Compiling .pioenvs/as734x/src/esphome/components/mdns/mdns_host.cpp.o
Compiling .pioenvs/as734x/src/esphome/components/mdns/mdns_libretiny.cpp.o
Compiling .pioenvs/as734x/src/esphome/components/mdns/mdns_rp2040.cpp.o
Compiling .pioenvs/as734x/src/esphome/components/network/util.cpp.o
Compiling .pioenvs/as734x/src/esphome/components/ota/ota_backend.cpp.o
Compiling .pioenvs/as734x/src/esphome/components/ota/ota_backend_arduino_esp32.cpp.o
Compiling .pioenvs/as734x/src/esphome/components/ota/ota_backend_arduino_esp8266.cpp.o
Compiling .pioenvs/as734x/src/esphome/components/ota/ota_backend_arduino_libretiny.cpp.o
Compiling .pioenvs/as734x/src/esphome/components/ota/ota_backend_arduino_rp2040.cpp.o
Compiling .pioenvs/as734x/src/esphome/components/ota/ota_backend_esp_idf.cpp.o
Compiling .pioenvs/as734x/src/esphome/components/safe_mode/safe_mode.cpp.o
Compiling .pioenvs/as734x/src/esphome/components/sensor/automation.cpp.o
Compiling .pioenvs/as734x/src/esphome/components/sensor/filter.cpp.o
Compiling .pioenvs/as734x/src/esphome/components/sensor/sensor.cpp.o
Compiling .pioenvs/as734x/src/esphome/components/socket/bsd_sockets_impl.cpp.o
Compiling .pioenvs/as734x/src/esphome/components/socket/lwip_raw_tcp_impl.cpp.o
Compiling .pioenvs/as734x/src/esphome/components/socket/lwip_sockets_impl.cpp.o
Compiling .pioenvs/as734x/src/esphome/components/socket/socket.cpp.o
Compiling .pioenvs/as734x/src/esphome/components/text_sensor/filter.cpp.o
Compiling .pioenvs/as734x/src/esphome/components/text_sensor/text_sensor.cpp.o
Compiling .pioenvs/as734x/src/esphome/components/web_server/list_entities.cpp.o
Compiling .pioenvs/as734x/src/esphome/components/web_server/web_server.cpp.o
Compiling .pioenvs/as734x/src/esphome/components/web_server/web_server_v1.cpp.o
Compiling .pioenvs/as734x/src/esphome/components/web_server_base/web_server_base.cpp.o
Compiling .pioenvs/as734x/src/esphome/components/wifi/wifi_component.cpp.o
Compiling .pioenvs/as734x/src/esphome/components/wifi/wifi_component_esp32_arduino.cpp.o
Compiling .pioenvs/as734x/src/esphome/components/wifi/wifi_component_esp8266.cpp.o
Compiling .pioenvs/as734x/src/esphome/components/wifi/wifi_component_esp_idf.cpp.o
Compiling .pioenvs/as734x/src/esphome/components/wifi/wifi_component_libretiny.cpp.o
Compiling .pioenvs/as734x/src/esphome/components/wifi/wifi_component_pico_w.cpp.o
Compiling .pioenvs/as734x/src/esphome/core/application.cpp.o
Compiling .pioenvs/as734x/src/esphome/core/color.cpp.o
Compiling .pioenvs/as734x/src/esphome/core/component.cpp.o
Compiling .pioenvs/as734x/src/esphome/core/component_iterator.cpp.o
Compiling .pioenvs/as734x/src/esphome/core/controller.cpp.o
Compiling .pioenvs/as734x/src/esphome/core/entity_base.cpp.o
Compiling .pioenvs/as734x/src/esphome/core/helpers.cpp.o
Compiling .pioenvs/as734x/src/esphome/core/log.cpp.o
Compiling .pioenvs/as734x/src/esphome/core/ring_buffer.cpp.o
Compiling .pioenvs/as734x/src/esphome/core/scheduler.cpp.o
Compiling .pioenvs/as734x/src/esphome/core/string_ref.cpp.o
Compiling .pioenvs/as734x/src/esphome/core/time.cpp.o
Compiling .pioenvs/as734x/src/esphome/core/util.cpp.o
Compiling .pioenvs/as734x/src/main.cpp.o
Building .pioenvs/as734x/bootloader.bin
Creating esp32 image...
Successfully created esp32 image.
Generating partitions .pioenvs/as734x/partitions.bin
Compiling .pioenvs/as734x/libfe7/AsyncTCP-esphome/AsyncTCP.cpp.o
Compiling .pioenvs/as734x/lib8d4/WiFi/WiFi.cpp.o
Compiling .pioenvs/as734x/lib8d4/WiFi/WiFiAP.cpp.o
Compiling .pioenvs/as734x/lib8d4/WiFi/WiFiClient.cpp.o
Compiling .pioenvs/as734x/lib8d4/WiFi/WiFiGeneric.cpp.o
Compiling .pioenvs/as734x/lib8d4/WiFi/WiFiMulti.cpp.o
Compiling .pioenvs/as734x/lib8d4/WiFi/WiFiSTA.cpp.o
Compiling .pioenvs/as734x/lib8d4/WiFi/WiFiScan.cpp.o
Compiling .pioenvs/as734x/lib8d4/WiFi/WiFiServer.cpp.o
Compiling .pioenvs/as734x/lib8d4/WiFi/WiFiUdp.cpp.o
Compiling .pioenvs/as734x/lib588/FS/FS.cpp.o
Compiling .pioenvs/as734x/lib588/FS/vfs_api.cpp.o
Compiling .pioenvs/as734x/lib16d/Update/HttpsOTAUpdate.cpp.o
Compiling .pioenvs/as734x/lib16d/Update/Updater.cpp.o
Archiving .pioenvs/as734x/libfe7/libAsyncTCP-esphome.a
Indexing .pioenvs/as734x/libfe7/libAsyncTCP-esphome.a
Compiling .pioenvs/as734x/libb88/ESPAsyncWebServer-esphome/AsyncEventSource.cpp.o
Compiling .pioenvs/as734x/libb88/ESPAsyncWebServer-esphome/AsyncWebSocket.cpp.o
Compiling .pioenvs/as734x/libb88/ESPAsyncWebServer-esphome/WebAuthentication.cpp.o
Compiling .pioenvs/as734x/libb88/ESPAsyncWebServer-esphome/WebHandlers.cpp.o
Compiling .pioenvs/as734x/libb88/ESPAsyncWebServer-esphome/WebRequest.cpp.o
Compiling .pioenvs/as734x/libb88/ESPAsyncWebServer-esphome/WebResponses.cpp.o
Compiling .pioenvs/as734x/libb88/ESPAsyncWebServer-esphome/WebServer.cpp.o
Compiling .pioenvs/as734x/lib1b0/ESPmDNS/ESPmDNS.cpp.o
Archiving .pioenvs/as734x/lib8d4/libWiFi.a
Indexing .pioenvs/as734x/lib8d4/libWiFi.a
Compiling .pioenvs/as734x/lib98e/Wire/Wire.cpp.o
Archiving .pioenvs/as734x/lib588/libFS.a
Archiving .pioenvs/as734x/lib16d/libUpdate.a
Indexing .pioenvs/as734x/lib16d/libUpdate.a
Indexing .pioenvs/as734x/lib588/libFS.a
Compiling .pioenvs/as734x/FrameworkArduino/Esp.cpp.o
Compiling .pioenvs/as734x/FrameworkArduino/FirmwareMSC.cpp.o
Compiling .pioenvs/as734x/FrameworkArduino/FunctionalInterrupt.cpp.o
Compiling .pioenvs/as734x/FrameworkArduino/HWCDC.cpp.o
Compiling .pioenvs/as734x/FrameworkArduino/HardwareSerial.cpp.o
Compiling .pioenvs/as734x/FrameworkArduino/IPAddress.cpp.o
Compiling .pioenvs/as734x/FrameworkArduino/IPv6Address.cpp.o
Compiling .pioenvs/as734x/FrameworkArduino/MD5Builder.cpp.o
Compiling .pioenvs/as734x/FrameworkArduino/Print.cpp.o
Compiling .pioenvs/as734x/FrameworkArduino/Stream.cpp.o
Archiving .pioenvs/as734x/lib98e/libWire.a
Indexing .pioenvs/as734x/lib98e/libWire.a
Compiling .pioenvs/as734x/FrameworkArduino/StreamString.cpp.o
Compiling .pioenvs/as734x/FrameworkArduino/Tone.cpp.o
Compiling .pioenvs/as734x/FrameworkArduino/USB.cpp.o
Archiving .pioenvs/as734x/lib1b0/libESPmDNS.a
Indexing .pioenvs/as734x/lib1b0/libESPmDNS.a
Compiling .pioenvs/as734x/FrameworkArduino/USBCDC.cpp.o
Compiling .pioenvs/as734x/FrameworkArduino/USBMSC.cpp.o
Compiling .pioenvs/as734x/FrameworkArduino/WMath.cpp.o
Compiling .pioenvs/as734x/FrameworkArduino/WString.cpp.o
Compiling .pioenvs/as734x/FrameworkArduino/base64.cpp.o
Compiling .pioenvs/as734x/FrameworkArduino/cbuf.cpp.o
Compiling .pioenvs/as734x/FrameworkArduino/esp32-hal-adc.c.o
Compiling .pioenvs/as734x/FrameworkArduino/esp32-hal-bt.c.o
Compiling .pioenvs/as734x/FrameworkArduino/esp32-hal-cpu.c.o
Compiling .pioenvs/as734x/FrameworkArduino/esp32-hal-dac.c.o
Compiling .pioenvs/as734x/FrameworkArduino/esp32-hal-gpio.c.o
Compiling .pioenvs/as734x/FrameworkArduino/esp32-hal-i2c-slave.c.o
Compiling .pioenvs/as734x/FrameworkArduino/esp32-hal-i2c.c.o
Compiling .pioenvs/as734x/FrameworkArduino/esp32-hal-ledc.c.o
Compiling .pioenvs/as734x/FrameworkArduino/esp32-hal-matrix.c.o
Compiling .pioenvs/as734x/FrameworkArduino/esp32-hal-misc.c.o
Compiling .pioenvs/as734x/FrameworkArduino/esp32-hal-psram.c.o
Archiving .pioenvs/as734x/libb88/libESPAsyncWebServer-esphome.a
Indexing .pioenvs/as734x/libb88/libESPAsyncWebServer-esphome.a
Compiling .pioenvs/as734x/FrameworkArduino/esp32-hal-rgb-led.c.o
Compiling .pioenvs/as734x/FrameworkArduino/esp32-hal-rmt.c.o
Compiling .pioenvs/as734x/FrameworkArduino/esp32-hal-sigmadelta.c.o
Compiling .pioenvs/as734x/FrameworkArduino/esp32-hal-spi.c.o
Compiling .pioenvs/as734x/FrameworkArduino/esp32-hal-time.c.o
Compiling .pioenvs/as734x/FrameworkArduino/esp32-hal-timer.c.o
Compiling .pioenvs/as734x/FrameworkArduino/esp32-hal-tinyusb.c.o
Compiling .pioenvs/as734x/FrameworkArduino/esp32-hal-touch.c.o
Compiling .pioenvs/as734x/FrameworkArduino/esp32-hal-uart.c.o
Compiling .pioenvs/as734x/FrameworkArduino/firmware_msc_fat.c.o
Compiling .pioenvs/as734x/FrameworkArduino/libb64/cdecode.c.o
Compiling .pioenvs/as734x/FrameworkArduino/libb64/cencode.c.o
Compiling .pioenvs/as734x/FrameworkArduino/main.cpp.o
Compiling .pioenvs/as734x/FrameworkArduino/stdlib_noniso.c.o
Compiling .pioenvs/as734x/FrameworkArduino/wiring_pulse.c.o
Compiling .pioenvs/as734x/FrameworkArduino/wiring_shift.c.o
Archiving .pioenvs/as734x/libFrameworkArduino.a
Indexing .pioenvs/as734x/libFrameworkArduino.a
Linking .pioenvs/as734x/firmware.elf
RAM:   [=         ]  12.4% (used 40764 bytes from 327680 bytes)
Flash: [=====     ]  48.7% (used 892749 bytes from 1835008 bytes)
Building .pioenvs/as734x/firmware.bin
Creating esp32 image...
Successfully created esp32 image.
esp32_create_combined_bin([".pioenvs/as734x/firmware.bin"], [".pioenvs/as734x/firmware.elf"])
SHA digest in image updated
Wrote 0xeb5e0 bytes to file /root/esphome-dev/esphome/config/.esphome/build/as734x/.pioenvs/as734x/firmware.factory.bin, ready to flash to offset 0x0
esp32_copy_ota_bin([".pioenvs/as734x/firmware.bin"], [".pioenvs/as734x/firmware.elf"])
========================= [SUCCESS] Took 24.51 seconds =========================
DEBUG Running:  platformio run -d /root/esphome-dev/esphome/config/.esphome/build/as734x -t idedata
INFO Successfully compiled program.
